
Lmod is automatically replacing "2024r1" with "2025".


The following have been reloaded with a version change:
  1) cmake/3.27.7 => cmake/3.30.5     3) ninja/1.11.1 => ninja/1.12.1
  2) gcc/11.3.0 => gcc/13.3.0         4) openmpi/4.1.6 => openmpi/4.1.7

=== Experiment B: Matrix size=50, Block size=100, Memory=shared ===
Matrix size: 50 x 50
Block size: 100 threads
Max iterations: 100
Memory mode: Shared

=== CPU Power Method ===
CPU converged after 12 iterations, lambda = 2514.593262
CPU runtime: 0.000014 seconds

=== GPU Power Method ===
GPU: NVIDIA A100 80GB PCIe MIG 1g.10gb (Compute 8.0)
Shared memory per block: 49152 bytes
Max threads per block: 1024
GPU converged after 8 iterations, lambda = 2514.593262
GPU runtime (with memcpy): 0.082933 seconds
GPU runtime (compute only): 0.001448 seconds
Memory transfer time: 0.081485 seconds

=== Performance Summary ===
Speedup (with memcpy): 0.00x
Speedup (compute only): 0.01x
Lambda difference (CPU-GPU): 0.000000e+00

=== CSV_OUTPUT ===
matrix_size,block_size,memory_mode,cpu_time,gpu_time_with_memcpy,gpu_time_no_memcpy,memcpy_time,speedup_with_memcpy,speedup_no_memcpy,cpu_lambda,gpu_lambda,cpu_iterations,gpu_iterations
50,100,shared,0.000014,0.082933,0.001448,0.081485,0.000172,0.009874,2514.593262,2514.593262,100,8
