
Lmod is automatically replacing "2024r1" with "2025".


The following have been reloaded with a version change:
  1) cmake/3.27.7 => cmake/3.30.5     3) ninja/1.11.1 => ninja/1.12.1
  2) gcc/11.3.0 => gcc/13.3.0         4) openmpi/4.1.6 => openmpi/4.1.7

=== Memory Type: UNIFIED Memory (cudaMallocManaged) ===
Matrix size: 4000, Block size: 100
Kernel: Av_Product_Shared with unified memory allocation

Matrix size: 4000 x 4000
Block size: 100 threads
Max iterations: 100
Kernel mode: Shared
Memory management: Unified (cudaMallocManaged)

=== CPU Power Method ===
CPU converged after 22 iterations, lambda = 199987.656250
CPU runtime: 0.213680 seconds

=== GPU Power Method ===
GPU: NVIDIA A100 80GB PCIe MIG 1g.10gb (Compute 8.0)
Shared memory per block: 49152 bytes
Max threads per block: 1024
GPU converged after 11 iterations, lambda = 199987.625000
GPU runtime (with memcpy): 0.130781 seconds
GPU runtime (compute only): 0.012982 seconds
Memory transfer time: 0.117798 seconds

=== Performance Summary ===
Speedup (with memcpy): 1.63x
Speedup (compute only): 16.46x
Lambda difference (CPU-GPU): 3.125000e-02

=== CSV_OUTPUT ===
matrix_size,block_size,memory_mode,memory_mgmt,cpu_time,gpu_time_with_memcpy,gpu_time_no_memcpy,memcpy_time,speedup_with_memcpy,speedup_no_memcpy,cpu_lambda,gpu_lambda,cpu_iterations,gpu_iterations
4000,100,shared,unified,0.213680,0.130781,0.012982,0.117798,1.633882,16.459284,199987.656250,199987.625000,100,11
