
Lmod is automatically replacing "2024r1" with "2025".


The following have been reloaded with a version change:
  1) cmake/3.27.7 => cmake/3.30.5     3) ninja/1.11.1 => ninja/1.12.1
  2) gcc/11.3.0 => gcc/13.3.0         4) openmpi/4.1.6 => openmpi/4.1.7

=== Memory Type: GLOBAL GPU Memory (VRAM) ===
Matrix size: 2000, Block size: 100
Kernel: Av_Product_Global (direct global memory access)

Matrix size: 2000 x 2000
Block size: 100 threads
Max iterations: 100
Kernel mode: Global
Memory management: Manual transfers

=== CPU Power Method ===
CPU converged after 14 iterations, lambda = 99987.625000
CPU runtime: 0.029994 seconds

=== GPU Power Method ===
GPU: NVIDIA A100 80GB PCIe MIG 1g.10gb (Compute 8.0)
Shared memory per block: 49152 bytes
Max threads per block: 1024
GPU converged after 20 iterations, lambda = 99987.492188
GPU runtime (with memcpy): 0.089816 seconds
GPU runtime (compute only): 0.007534 seconds
Memory transfer time: 0.082281 seconds

=== Performance Summary ===
Speedup (with memcpy): 0.33x
Speedup (compute only): 3.98x
Lambda difference (CPU-GPU): 1.328125e-01

=== CSV_OUTPUT ===
matrix_size,block_size,memory_mode,memory_mgmt,cpu_time,gpu_time_with_memcpy,gpu_time_no_memcpy,memcpy_time,speedup_with_memcpy,speedup_no_memcpy,cpu_lambda,gpu_lambda,cpu_iterations,gpu_iterations
2000,100,global,manual,0.029994,0.089816,0.007534,0.082281,0.333957,3.981129,99987.625000,99987.492188,100,20
