
Lmod is automatically replacing "2024r1" with "2025".


The following have been reloaded with a version change:
  1) cmake/3.27.7 => cmake/3.30.5     3) ninja/1.11.1 => ninja/1.12.1
  2) gcc/11.3.0 => gcc/13.3.0         4) openmpi/4.1.6 => openmpi/4.1.7

=== Memory Type: SHARED GPU Memory (On-chip) ===
Matrix size: 2000, Block size: 32
Kernel: Av_Product_Shared (tiled with shared memory)

Matrix size: 2000 x 2000
Block size: 32 threads
Max iterations: 100
Kernel mode: Shared
Memory management: Manual transfers

=== CPU Power Method ===
CPU converged after 14 iterations, lambda = 99987.625000
CPU runtime: 0.030363 seconds

=== GPU Power Method ===
GPU: NVIDIA A100 80GB PCIe MIG 1g.10gb (Compute 8.0)
Shared memory per block: 49152 bytes
Max threads per block: 1024
GPU converged after 9 iterations, lambda = 99987.523438
GPU runtime (with memcpy): 0.093422 seconds
GPU runtime (compute only): 0.006817 seconds
Memory transfer time: 0.086605 seconds

=== Performance Summary ===
Speedup (with memcpy): 0.33x
Speedup (compute only): 4.45x
Lambda difference (CPU-GPU): 1.015625e-01

=== CSV_OUTPUT ===
matrix_size,block_size,memory_mode,memory_mgmt,cpu_time,gpu_time_with_memcpy,gpu_time_no_memcpy,memcpy_time,speedup_with_memcpy,speedup_no_memcpy,cpu_lambda,gpu_lambda,cpu_iterations,gpu_iterations
2000,32,shared,manual,0.030363,0.093422,0.006817,0.086605,0.325013,4.454286,99987.625000,99987.523438,100,9
