
Lmod is automatically replacing "2024r1" with "2025".


The following have been reloaded with a version change:
  1) cmake/3.27.7 => cmake/3.30.5     3) ninja/1.11.1 => ninja/1.12.1
  2) gcc/11.3.0 => gcc/13.3.0         4) openmpi/4.1.6 => openmpi/4.1.7

=== Experiment D: Memory Type Comparison ===
Matrix size: 2000, Block size: 64, Memory: shared

Matrix size: 2000 x 2000
Block size: 64 threads
Max iterations: 100
Memory mode: Shared

=== CPU Power Method ===
CPU converged after 14 iterations, lambda = 99987.625000
CPU runtime: 0.029694 seconds

=== GPU Power Method ===
GPU: NVIDIA A100 80GB PCIe MIG 1g.10gb (Compute 8.0)
Shared memory per block: 49152 bytes
Max threads per block: 1024
GPU converged after 5 iterations, lambda = 99987.531250
GPU runtime (with memcpy): 0.088937 seconds
GPU runtime (compute only): 0.004490 seconds
Memory transfer time: 0.084447 seconds

=== Performance Summary ===
Speedup (with memcpy): 0.33x
Speedup (compute only): 6.61x
Lambda difference (CPU-GPU): 9.375000e-02

=== CSV_OUTPUT ===
matrix_size,block_size,memory_mode,cpu_time,gpu_time_with_memcpy,gpu_time_no_memcpy,memcpy_time,speedup_with_memcpy,speedup_no_memcpy,cpu_lambda,gpu_lambda,cpu_iterations,gpu_iterations
2000,64,shared,0.029694,0.088937,0.004490,0.084447,0.333878,6.613577,99987.625000,99987.531250,100,5
