
Lmod is automatically replacing "2024r1" with "2025".


The following have been reloaded with a version change:
  1) cmake/3.27.7 => cmake/3.30.5     3) ninja/1.11.1 => ninja/1.12.1
  2) gcc/11.3.0 => gcc/13.3.0         4) openmpi/4.1.6 => openmpi/4.1.7

=== Experiment D: Memory Type Comparison ===
Matrix size: 4000, Block size: 32, Memory: global

Matrix size: 4000 x 4000
Block size: 32 threads
Max iterations: 100
Memory mode: Global

=== CPU Power Method ===
CPU converged after 22 iterations, lambda = 199987.656250
CPU runtime: 0.215699 seconds

=== GPU Power Method ===
GPU: NVIDIA A100 80GB PCIe MIG 1g.10gb (Compute 8.0)
Shared memory per block: 49152 bytes
Max threads per block: 1024
GPU converged after 23 iterations, lambda = 199987.656250
GPU runtime (with memcpy): 0.105774 seconds
GPU runtime (compute only): 0.022847 seconds
Memory transfer time: 0.082927 seconds

=== Performance Summary ===
Speedup (with memcpy): 2.04x
Speedup (compute only): 9.44x
Lambda difference (CPU-GPU): 0.000000e+00

=== CSV_OUTPUT ===
matrix_size,block_size,memory_mode,cpu_time,gpu_time_with_memcpy,gpu_time_no_memcpy,memcpy_time,speedup_with_memcpy,speedup_no_memcpy,cpu_lambda,gpu_lambda,cpu_iterations,gpu_iterations
4000,32,global,0.215699,0.105774,0.022847,0.082927,2.039243,9.440915,199987.656250,199987.656250,100,23
