
Lmod is automatically replacing "2024r1" with "2025".


The following have been reloaded with a version change:
  1) cmake/3.27.7 => cmake/3.30.5     3) ninja/1.11.1 => ninja/1.12.1
  2) gcc/11.3.0 => gcc/13.3.0         4) openmpi/4.1.6 => openmpi/4.1.7

=== Experiment D: Memory Type Comparison ===
Matrix size: 500, Block size: 64, Memory: global

Matrix size: 500 x 500
Block size: 64 threads
Max iterations: 100
Memory mode: Global

=== CPU Power Method ===
CPU converged after 8 iterations, lambda = 24998.476562
CPU runtime: 0.001055 seconds

=== GPU Power Method ===
GPU: NVIDIA A100 80GB PCIe MIG 1g.10gb (Compute 8.0)
Shared memory per block: 49152 bytes
Max threads per block: 1024
GPU converged after 5 iterations, lambda = 24998.486328
GPU runtime (with memcpy): 0.081329 seconds
GPU runtime (compute only): 0.001477 seconds
Memory transfer time: 0.079851 seconds

=== Performance Summary ===
Speedup (with memcpy): 0.01x
Speedup (compute only): 0.71x
Lambda difference (CPU-GPU): 9.765625e-03

=== CSV_OUTPUT ===
matrix_size,block_size,memory_mode,cpu_time,gpu_time_with_memcpy,gpu_time_no_memcpy,memcpy_time,speedup_with_memcpy,speedup_no_memcpy,cpu_lambda,gpu_lambda,cpu_iterations,gpu_iterations
500,64,global,0.001055,0.081329,0.001477,0.079851,0.012967,0.713770,24998.476562,24998.486328,100,5
